<?xml version="1.0" encoding="UTF-8"?>
<!-- Generated by org.testng.reporters.JUnitReportReporter -->
<testsuite hostname="AH4000735LT" failures="0" tests="5" name="stepDefinition.TestRunner" time="61.529" errors="0" timestamp="2023-10-18T17:34:20 IST" skipped="0">
  <testcase classname="stepDefinition.TestRunner" name="scenario" time="11.732"/>
  <system-out/>
  <testcase classname="stepDefinition.TestRunner" name="scenario" time="7.895"/>
  <system-out/>
  <testcase classname="stepDefinition.TestRunner" name="scenario" time="15.788"/>
  <system-out/>
  <testcase classname="stepDefinition.TestRunner" name="scenario" time="17.911"/>
  <system-out/>
  <testcase classname="stepDefinition.TestRunner" name="scenario" time="8.203"/>
  <system-out/>
</testsuite> <!-- stepDefinition.TestRunner -->
